android/gamja_android/app/build/intermediates/manifest_merge_blame_file/debug/manifest-merger-blame-debug-report.txt
1<?xml version="1.0" encoding="utf-8"?>
2<manifest xmlns:android="http://schemas.android.com/apk/res/android"
3    package="com.example.gamja"
4    android:versionCode="1"
5    android:versionName="1.0" >
6
7    <uses-sdk
8        android:minSdkVersion="26"
8-->src\main\AndroidManifest.xml
9        android:targetSdkVersion="30" />
9-->src\main\AndroidManifest.xml
10    <!-- 인터넷 사용 권한 설정 -->
11    <uses-permission android:name="android.permission.INTERNET" />
11-->src\main\AndroidManifest.xml:5:5-67
11-->src\main\AndroidManifest.xml:5:22-64
12
13    <queries>
13-->[com.kakao.sdk:v2-common:2.5.2] AndroidManifest.xml:11:5-19:15
14        <package android:name="com.kakao.talk" />
14-->[com.kakao.sdk:v2-common:2.5.2] AndroidManifest.xml:12:9-50
14-->[com.kakao.sdk:v2-common:2.5.2] AndroidManifest.xml:12:18-47
15        <package android:name="com.kakao.talk.alpha" />
15-->[com.kakao.sdk:v2-common:2.5.2] AndroidManifest.xml:13:9-56
15-->[com.kakao.sdk:v2-common:2.5.2] AndroidManifest.xml:13:18-53
16        <package android:name="com.kakao.talk.sandbox" />
16-->[com.kakao.sdk:v2-common:2.5.2] AndroidManifest.xml:14:9-58
16-->[com.kakao.sdk:v2-common:2.5.2] AndroidManifest.xml:14:18-55
17        <package android:name="com.kakao.onetalk" />
17-->[com.kakao.sdk:v2-common:2.5.2] AndroidManifest.xml:15:9-53
17-->[com.kakao.sdk:v2-common:2.5.2] AndroidManifest.xml:15:18-50
18        <package android:name="com.android.chrome" />
18-->[com.kakao.sdk:v2-common:2.5.2] AndroidManifest.xml:16:9-54
18-->[com.kakao.sdk:v2-common:2.5.2] AndroidManifest.xml:16:18-51
19        <package android:name="com.chrome.beta" />
19-->[com.kakao.sdk:v2-common:2.5.2] AndroidManifest.xml:17:9-51
19-->[com.kakao.sdk:v2-common:2.5.2] AndroidManifest.xml:17:18-48
20        <package android:name="com.chrome.dev" />
20-->[com.kakao.sdk:v2-common:2.5.2] AndroidManifest.xml:18:9-50
20-->[com.kakao.sdk:v2-common:2.5.2] AndroidManifest.xml:18:18-47
21    </queries>
22
23    <application
23-->src\main\AndroidManifest.xml:7:5-34:19
24        android:name="com.example.gamja.GlobalApplication"
24-->src\main\AndroidManifest.xml:8:9-42
25        android:allowBackup="true"
25-->src\main\AndroidManifest.xml:9:9-35
26        android:appComponentFactory="androidx.core.app.CoreComponentFactory"
26-->[androidx.core:core:1.6.0] AndroidManifest.xml:24:18-86
27        android:debuggable="true"
28        android:extractNativeLibs="false"
29        android:icon="@mipmap/ic_launcher"
29-->src\main\AndroidManifest.xml:10:9-43
30        android:label="@string/app_name"
30-->src\main\AndroidManifest.xml:11:9-41
31        android:roundIcon="@mipmap/ic_launcher_round"
31-->src\main\AndroidManifest.xml:12:9-54
32        android:supportsRtl="true"
32-->src\main\AndroidManifest.xml:13:9-35
33        android:testOnly="true"
34        android:theme="@style/Theme.AppCompat.Light.NoActionBar" >
34-->src\main\AndroidManifest.xml:14:9-65
35        <activity android:name="com.example.gamja.LoginActivity" />
35-->src\main\AndroidManifest.xml:15:9-60
35-->src\main\AndroidManifest.xml:15:19-48
36        <activity android:name="com.example.gamja.SplashActivity" >
36-->src\main\AndroidManifest.xml:16:9-21:20
36-->src\main\AndroidManifest.xml:16:19-49
37            <intent-filter>
37-->src\main\AndroidManifest.xml:17:13-20:29
38                <action android:name="android.intent.action.MAIN" />
38-->src\main\AndroidManifest.xml:18:17-69
38-->src\main\AndroidManifest.xml:18:25-66
39
40                <category android:name="android.intent.category.LAUNCHER" />
40-->src\main\AndroidManifest.xml:19:17-77
40-->src\main\AndroidManifest.xml:19:27-74
41            </intent-filter>
42        </activity>
43        <activity android:name="com.example.gamja.MainActivity" />
43-->src\main\AndroidManifest.xml:22:9-59
43-->src\main\AndroidManifest.xml:22:19-47
44        <activity
44-->src\main\AndroidManifest.xml:23:9-33:20
45            android:name="com.kakao.sdk.auth.AuthCodeHandlerActivity"
45-->src\main\AndroidManifest.xml:23:19-76
46            android:launchMode="singleTask"
46-->[com.kakao.sdk:v2-auth:2.5.2] AndroidManifest.xml:19:13-44
47            android:theme="@style/TransparentCompat" >
47-->[com.kakao.sdk:v2-auth:2.5.2] AndroidManifest.xml:20:13-53
48            <intent-filter>
48-->src\main\AndroidManifest.xml:24:13-32:29
49                <action android:name="android.intent.action.VIEW" />
49-->src\main\AndroidManifest.xml:25:17-69
49-->src\main\AndroidManifest.xml:25:25-66
50
51                <category android:name="android.intent.category.DEFAULT" />
51-->src\main\AndroidManifest.xml:26:17-76
51-->src\main\AndroidManifest.xml:26:27-73
52                <category android:name="android.intent.category.BROWSABLE" />
52-->src\main\AndroidManifest.xml:27:17-78
52-->src\main\AndroidManifest.xml:27:27-75
53
54                <!-- Redirect URI: "kakao{NATIVE_APP_KEY}://oauth" -->
55                <data
55-->src\main\AndroidManifest.xml:30:17-31:78
56                    android:host="oauth"
56-->src\main\AndroidManifest.xml:30:23-43
57                    android:scheme="kakaoede31607a495852bc2303048e7ae2e37" />
57-->src\main\AndroidManifest.xml:31:21-75
58            </intent-filter>
59        </activity>
60        <activity
60-->[com.kakao.sdk:v2-auth:2.5.2] AndroidManifest.xml:12:9-16:56
61            android:name="com.kakao.sdk.auth.TalkAuthCodeActivity"
61-->[com.kakao.sdk:v2-auth:2.5.2] AndroidManifest.xml:13:13-67
62            android:exported="false"
62-->[com.kakao.sdk:v2-auth:2.5.2] AndroidManifest.xml:14:13-37
63            android:launchMode="singleTask"
63-->[com.kakao.sdk:v2-auth:2.5.2] AndroidManifest.xml:15:13-44
64            android:theme="@style/TransparentCompat" />
64-->[com.kakao.sdk:v2-auth:2.5.2] AndroidManifest.xml:16:13-53
65    </application>
66
67</manifest>